0 info it worked if it ends with ok
1 verbose cli [ 'C:\\Program Files\\nodejs\\node.exe',
1 verbose cli   'C:\\Program Files\\nodejs\\node_modules\\npm\\bin\\npm-cli.js',
1 verbose cli   'run',
1 verbose cli   'dev' ]
2 info using npm@3.10.10
3 info using node@v6.11.3
4 verbose run-script [ 'predev', 'dev', 'postdev' ]
5 info lifecycle jigou_parent_app@1.0.0~predev: jigou_parent_app@1.0.0
6 silly lifecycle jigou_parent_app@1.0.0~predev: no script for predev, continuing
7 info lifecycle jigou_parent_app@1.0.0~dev: jigou_parent_app@1.0.0
8 verbose lifecycle jigou_parent_app@1.0.0~dev: unsafe-perm in lifecycle true
9 verbose lifecycle jigou_parent_app@1.0.0~dev: PATH: C:\dev\nvm\v5.7.0\node_modules\npm\bin\node-gyp-bin;F:\xiaohe\jigou_parent_app\node_modules\.bin;%SystemRoot%\system32\WindowsPowerShell\v1.0\;C:\Windows\system32;C:\Windows;C:\Windows\System32\Wbem;C:\Windows\System32\WindowsPowerShell\v1.0\;C:\Program Files (x86)\ATI Technologies\ATI.ACE\Core-Static;C:\Program Files\TortoiseSVN\bin;c:\Program Files\Git\cmd;C:\Program Files\TortoiseGit\bin;C:\Users\zou\AppData\Roaming\nvm;C:\Program Files\nodejs;C:\wamp\bin\php\php5.6.15;C:\ProgramData\ComposerSetup\bin;C:\Users\zou\AppData\Roaming\nvm;C:\Program Files\nodejs;f:\Program Files (x86)\Microsoft VS Code\bin;C:\Users\zou\AppData\Roaming\Composer\vendor\bin;C:\Users\zou\AppData\Roaming\npm
10 verbose lifecycle jigou_parent_app@1.0.0~dev: CWD: F:\xiaohe\jigou_parent_app
11 silly lifecycle jigou_parent_app@1.0.0~dev: Args: [ '/d /s /c', 'gulp do --env development' ]
12 verbose stack Error: kill ENOSYS
12 verbose stack     at exports._errnoException (util.js:1020:11)
12 verbose stack     at process.kill (internal/process.js:190:13)
12 verbose stack     at process.listener (C:\dev\nvm\v5.7.0\node_modules\npm\node_modules\npmlog\node_modules\gauge\node_modules\signal-exit\index.js:86:15)
12 verbose stack     at emitNone (events.js:91:20)
12 verbose stack     at process.emit (events.js:185:7)
12 verbose stack     at processEmit (C:\dev\nvm\v5.7.0\node_modules\npm\node_modules\npmlog\node_modules\gauge\node_modules\signal-exit\index.js:146:32)
12 verbose stack     at processEmit (C:\dev\nvm\v5.7.0\node_modules\npm\node_modules\npm-registry-client\node_modules\npmlog\node_modules\gauge\node_modules\signal-exit\index.js:146:32)
12 verbose stack     at Signal.wrap.onsignal (internal/process.js:217:44)
13 verbose cwd F:\xiaohe\jigou_parent_app
14 error Windows_NT 6.1.7601
15 error argv "C:\\Program Files\\nodejs\\node.exe" "C:\\Program Files\\nodejs\\node_modules\\npm\\bin\\npm-cli.js" "run" "dev"
16 error node v6.11.3
17 error npm  v3.10.10
18 error code ENOSYS
19 error errno ENOSYS
20 error syscall kill
21 error kill ENOSYS
22 error If you need help, you may report this error at:
22 error     <https://github.com/npm/npm/issues>
23 verbose exit [ 1, true ]
